
**2018/9/17 20:51:44** 启动服务！
**2018/9/17 20:51:55** 建立连接
**2018/9/17 20:51:55** recv:{Fg:0,Pn:宥弆榻?N,Pc:Whelm4444444,Dc:0001,Fl:777,Pr:888,Ot:2018-06-11 22:43:44}
**2018/9/17 20:52:01** send：1
**2018/9/17 20:52:01** recv:{Dc:d002}
**2018/9/17 20:52:01** send:010300000001840A
**2018/9/17 20:52:02** send：0
**2018/9/17 20:52:02** recv: 
**2018/9/17 20:52:02** send：0
**2018/9/17 20:52:02** recv:xxxx
**2018/9/17 20:52:02** send：0
**2018/9/17 20:52:02** recv:{Fg:0,Pn:宥弆榻?N,Pc:Whelm4444444,Dc:0001,Fl:777,Pr:888,Ot:2018-06-11 22:43:44}
**2018/9/17 20:52:03** send：1
**2018/9/17 20:52:03** recv:{Dc:d002}
**2018/9/17 20:52:03** send:010300000001840A
**2018/9/17 20:52:03** send：0
**2018/9/17 20:52:03** recv: 
**2018/9/17 20:52:03** send：0
**2018/9/17 20:52:04** recv:xxxx
**2018/9/17 20:52:04** send：0
**2018/9/17 20:52:04** recv:{Fg:0,Pn:宥弆榻?N,Pc:Whelm4444444,Dc:0001,Fl:777,Pr:888,Ot:2018-06-11 22:43:44}
**2018/9/17 20:52:04** send：1
**2018/9/17 20:52:04** recv:{Dc:d002}
**2018/9/17 20:52:04** send:010300000001840A
**2018/9/17 20:52:05** send：0
**2018/9/17 20:52:05** recv: 
**2018/9/17 20:52:05** send：0
**2018/9/17 20:52:05** recv:xxxx
**2018/9/17 20:52:05** send：0
**2018/9/17 20:52:06** recv:{Fg:0,Pn:宥弆榻?N,Pc:Whelm4444444,Dc:0001,Fl:777,Pr:888,Ot:2018-06-11 22:43:44}
**2018/9/17 20:52:06** send：1
**2018/9/17 20:52:06** recv:{Dc:d002}
**2018/9/17 20:52:06** send:010300000001840A
**2018/9/17 20:52:06** send：0
**2018/9/17 20:52:07** recv: 
**2018/9/17 20:52:07** send：0
**2018/9/17 20:52:07** recv:xxxx
**2018/9/17 20:52:07** send：0
**2018/9/17 20:52:07** recv:{Fg:0,Pn:宥弆榻?N,Pc:Whelm4444444,Dc:0001,Fl:777,Pr:888,Ot:2018-06-11 22:43:44}
**2018/9/17 20:52:07** send：1
**2018/9/17 20:52:08** recv:{Dc:d002}
**2018/9/17 20:52:08** send:010300000001840A
**2018/9/17 20:52:08** send：0
**2018/9/17 20:52:08** recv: 
**2018/9/17 20:52:08** send：0
**2018/9/17 20:52:09** recv:xxxx
**2018/9/17 20:52:09** send：0
**2018/9/17 20:52:09** recv:{Fg:0,Pn:宥弆榻?N,Pc:Whelm4444444,Dc:0001,Fl:777,Pr:888,Ot:2018-06-11 22:43:44}
**2018/9/17 20:52:09** send：1
**2018/9/17 20:52:09** recv:{Dc:d002}
**2018/9/17 20:52:09** send:010300000001840A
**2018/9/17 20:52:10** send：0
**2018/9/17 20:52:10** recv: 
**2018/9/17 20:52:10** send：0
**2018/9/17 20:52:10** recv:xxxx
**2018/9/17 20:52:10** send：0
**2018/9/17 20:52:10** recv:{Fg:0,Pn:宥弆榻?N,Pc:Whelm4444444,Dc:0001,Fl:777,Pr:888,Ot:2018-06-11 22:43:44}
**2018/9/17 20:52:10** send：1
**2018/9/17 20:52:11** recv:{Dc:d002}
**2018/9/17 20:52:11** send:010300000001840A
**2018/9/17 20:52:11** send：0
**2018/9/17 20:52:11** recv: 
**2018/9/17 20:52:11** send：0
**2018/9/17 20:52:12** recv:xxxx
**2018/9/17 20:52:12** send：0
**2018/9/17 20:52:12** recv:{Fg:0,Pn:宥弆榻?N,Pc:Whelm4444444,Dc:0001,Fl:777,Pr:888,Ot:2018-06-11 22:43:44}
**2018/9/17 20:52:12** send：1
**2018/9/17 20:52:12** recv:{Dc:d002}
**2018/9/17 20:52:12** send:010300000001840A
**2018/9/17 20:52:13** send：0
**2018/9/17 20:52:13** recv: 
**2018/9/17 20:52:13** send：0
**2018/9/17 20:52:13** recv:xxxx
**2018/9/17 20:52:13** send：0
**2018/9/17 20:52:14** recv:{Fg:0,Pn:宥弆榻?N,Pc:Whelm4444444,Dc:0001,Fl:777,Pr:888,Ot:2018-06-11 22:43:44}
**2018/9/17 20:52:14** send：1
**2018/9/17 20:52:14** recv:{Dc:d002}
**2018/9/17 20:52:14** send:010300000001840A
**2018/9/17 20:52:14** send：0
**2018/9/17 20:52:15** recv: 
**2018/9/17 20:52:15** send：0
**2018/9/17 20:52:15** recv:xxxx
**2018/9/17 20:52:15** send：0
**2018/9/17 20:52:15** recv:{Fg:0,Pn:宥弆榻?N,Pc:Whelm4444444,Dc:0001,Fl:777,Pr:888,Ot:2018-06-11 22:43:44}
**2018/9/17 20:52:15** send：1
**2018/9/17 20:52:15** recv:{Dc:d002}
**2018/9/17 20:52:15** send:010300000001840A
**2018/9/17 20:52:16** send：0
**2018/9/17 20:52:16** recv: 
**2018/9/17 20:52:16** send：0
**2018/9/17 20:52:16** recv:xxxx
**2018/9/17 20:52:16** send：0
**2018/9/17 20:52:17** recv:{Fg:0,Pn:宥弆榻?N,Pc:Whelm4444444,Dc:0001,Fl:777,Pr:888,Ot:2018-06-11 22:43:44}
**2018/9/17 20:52:17** send：1
**2018/9/17 20:52:17** recv:{Dc:d002}
**2018/9/17 20:52:17** send:010300000001840A
**2018/9/17 20:52:17** send：0
**2018/9/17 20:52:18** recv: 
**2018/9/17 20:52:18** send：0
**2018/9/17 20:52:18** recv:xxxx
**2018/9/17 20:52:18** send：0
**2018/9/17 20:52:18** recv:{Fg:0,Pn:宥弆榻?N,Pc:Whelm4444444,Dc:0001,Fl:777,Pr:888,Ot:2018-06-11 22:43:44}
**2018/9/17 20:52:18** send：1
**2018/9/17 20:52:19** recv:{Dc:d002}
**2018/9/17 20:52:19** send:010300000001840A
**2018/9/17 20:52:19** send：0
**2018/9/17 20:52:19** recv: 
**2018/9/17 20:52:19** send：0
**2018/9/17 20:52:20** recv:xxxx
**2018/9/17 20:52:20** send：0
**2018/9/17 20:52:20** recv:{Fg:0,Pn:宥弆榻?N,Pc:Whelm4444444,Dc:0001,Fl:777,Pr:888,Ot:2018-06-11 22:43:44}
**2018/9/17 20:52:20** send：1
**2018/9/17 20:52:20** recv:{Dc:d002}
**2018/9/17 20:52:20** send:010300000001840A
**2018/9/17 20:52:21** send：0
**2018/9/17 20:52:21** recv: 
**2018/9/17 20:52:21** send：0
**2018/9/17 20:52:21** recv:xxxx
**2018/9/17 20:52:21** send：0
**2018/9/17 20:52:21** recv:{Fg:0,Pn:宥弆榻?N,Pc:Whelm4444444,Dc:0001,Fl:777,Pr:888,Ot:2018-06-11 22:43:44}
**2018/9/17 20:52:21** send：1
**2018/9/17 20:52:22** recv:{Dc:d002}
**2018/9/17 20:52:22** send:010300000001840A
**2018/9/17 20:52:22** send：0
**2018/9/17 20:52:22** recv: 
**2018/9/17 20:52:22** send：0
**2018/9/17 20:52:23** recv:xxxx
**2018/9/17 20:52:23** send：0
**2018/9/17 20:52:23** recv:{Fg:0,Pn:宥弆榻?N,Pc:Whelm4444444,Dc:0001,Fl:777,Pr:888,Ot:2018-06-11 22:43:44}
**2018/9/17 20:52:23** send：1
**2018/9/17 20:52:23** recv:{Dc:d002}
**2018/9/17 20:52:23** send:010300000001840A
**2018/9/17 20:52:24** send：0
**2018/9/17 20:52:24** recv: 
**2018/9/17 20:52:24** send：0
**2018/9/17 20:52:24** recv:xxxx
**2018/9/17 20:52:24** send：0
**2018/9/17 20:52:25** recv:{Fg:0,Pn:宥弆榻?N,Pc:Whelm4444444,Dc:0001,Fl:777,Pr:888,Ot:2018-06-11 22:43:44}
**2018/9/17 20:52:25** send：1
**2018/9/17 20:52:25** recv:{Dc:d002}
**2018/9/17 20:52:25** send:010300000001840A
**2018/9/17 20:52:25** send：0
**2018/9/17 20:52:26** recv: 
**2018/9/17 20:52:26** send：0
**2018/9/17 20:52:26** recv:xxxx
**2018/9/17 20:52:26** send：0
**2018/9/17 20:52:26** recv:{Fg:0,Pn:宥弆榻?N,Pc:Whelm4444444,Dc:0001,Fl:777,Pr:888,Ot:2018-06-11 22:43:44}
**2018/9/17 20:52:26** send：1
**2018/9/17 20:52:26** recv:{Dc:d002}
**2018/9/17 20:52:26** send:010300000001840A
**2018/9/17 20:52:27** send：0
**2018/9/17 20:52:27** recv: 
**2018/9/17 20:52:27** send：0
**2018/9/17 20:52:27** recv:xxxx
**2018/9/17 20:52:27** send：0
**2018/9/17 20:52:28** recv:{Fg:0,Pn:宥弆榻?N,Pc:Whelm4444444,Dc:0001,Fl:777,Pr:888,Ot:2018-06-11 22:43:44}
**2018/9/17 20:52:28** send：1
**2018/9/17 20:52:28** recv:{Dc:d002}
**2018/9/17 20:52:28** send:010300000001840A
**2018/9/17 20:52:28** send：0
**2018/9/17 20:52:29** recv: 
**2018/9/17 20:52:29** send：0
**2018/9/17 20:52:29** recv:xxxx
**2018/9/17 20:52:29** send：0
**2018/9/17 20:52:29** recv:{Fg:0,Pn:宥弆榻?N,Pc:Whelm4444444,Dc:0001,Fl:777,Pr:888,Ot:2018-06-11 22:43:44}
**2018/9/17 20:52:29** send：1
**2018/9/17 20:52:30** recv:{Dc:d002}
**2018/9/17 20:52:30** send:010300000001840A
**2018/9/17 20:52:30** send：0
**2018/9/17 20:52:30** recv: 
**2018/9/17 20:52:30** send：0
**2018/9/17 20:52:31** recv:xxxx
**2018/9/17 20:52:31** send：0
**2018/9/17 20:52:31** recv:{Fg:0,Pn:宥弆榻?N,Pc:Whelm4444444,Dc:0001,Fl:777,Pr:888,Ot:2018-06-11 22:43:44}
**2018/9/17 20:52:31** send：1
**2018/9/17 20:52:31** recv:{Dc:d002}
**2018/9/17 20:52:31** send:010300000001840A
**2018/9/17 20:52:31** send：0
**2018/9/17 20:52:32** recv: 
**2018/9/17 20:52:32** send：0
**2018/9/17 20:52:32** recv:xxxx
**2018/9/17 20:52:32** send：0
**2018/9/17 20:52:32** recv:{Fg:0,Pn:宥弆榻?N,Pc:Whelm4444444,Dc:0001,Fl:777,Pr:888,Ot:2018-06-11 22:43:44}
**2018/9/17 20:52:32** send：1
**2018/9/17 20:52:33** recv:{Dc:d002}
**2018/9/17 20:52:33** send:010300000001840A
**2018/9/17 20:52:33** send：0
**2018/9/17 20:52:33** recv: 
**2018/9/17 20:52:33** send：0
**2018/9/17 20:52:34** recv:xxxx
**2018/9/17 20:52:34** send：0
**2018/9/17 20:52:34** recv:{Fg:0,Pn:宥弆榻?N,Pc:Whelm4444444,Dc:0001,Fl:777,Pr:888,Ot:2018-06-11 22:43:44}
**2018/9/17 20:52:34** send：1
**2018/9/17 20:52:34** recv:{Dc:d002}
**2018/9/17 20:52:34** send:010300000001840A
**2018/9/17 20:52:35** send：0
**2018/9/17 20:52:35** recv: 
**2018/9/17 20:52:35** send：0
**2018/9/17 20:52:35** recv:xxxx
**2018/9/17 20:52:35** send：0
**2018/9/17 20:52:36** recv:{Fg:0,Pn:宥弆榻?N,Pc:Whelm4444444,Dc:0001,Fl:777,Pr:888,Ot:2018-06-11 22:43:44}
**2018/9/17 20:52:36** send：1
**2018/9/17 20:52:36** recv:{Dc:d002}
**2018/9/17 20:52:36** send:010300000001840A
**2018/9/17 20:52:36** send：0
**2018/9/17 20:52:37** recv: 
**2018/9/17 20:52:37** send：0
**2018/9/17 20:52:37** recv:xxxx
**2018/9/17 20:52:37** send：0
**2018/9/17 20:52:37** recv:{Fg:0,Pn:宥弆榻?N,Pc:Whelm4444444,Dc:0001,Fl:777,Pr:888,Ot:2018-06-11 22:43:44}
**2018/9/17 20:52:37** send：1